2018-06-07 00:01:55.111  [34mINFO [0;39m [36mcom.config.TelecomApplication[0;39m Starting TelecomApplication on skyfall-PC with PID 6724 (D:\projectworkspace\telecom\target\classes started by skyfall in D:\projectworkspace\telecom)
2018-06-07 00:01:55.224  [34mINFO [0;39m [36mcom.config.TelecomApplication[0;39m No active profile set, falling back to default profiles: default
2018-06-07 00:01:55.356  [34mINFO [0;39m [36mo.s.b.w.s.c.AnnotationConfigServletWebServerApplicationContext[0;39m Refreshing org.springframework.boot.web.servlet.context.AnnotationConfigServletWebServerApplicationContext@4ebea12c: startup date [Thu Jun 07 00:01:55 IST 2018]; root of context hierarchy
2018-06-07 00:01:57.701  [34mINFO [0;39m [36mo.s.c.s.PostProcessorRegistrationDelegate$BeanPostProcessorChecker[0;39m Bean 'org.springframework.transaction.annotation.ProxyTransactionManagementConfiguration' of type [org.springframework.transaction.annotation.ProxyTransactionManagementConfiguration$$EnhancerBySpringCGLIB$$bdad39a4] is not eligible for getting processed by all BeanPostProcessors (for example: not eligible for auto-proxying)
2018-06-07 00:01:58.207  [34mINFO [0;39m [36morg.xnio[0;39m XNIO version 3.3.8.Final
2018-06-07 00:01:58.227  [34mINFO [0;39m [36morg.xnio.nio[0;39m XNIO NIO Implementation Version 3.3.8.Final
2018-06-07 00:01:58.297  [31mWARN [0;39m [36mio.undertow.websockets.jsr[0;39m UT026009: XNIO worker was not set on WebSocketDeploymentInfo, the default worker will be used
2018-06-07 00:01:58.297  [31mWARN [0;39m [36mio.undertow.websockets.jsr[0;39m UT026010: Buffer pool was not set on WebSocketDeploymentInfo, the default pool will be used
2018-06-07 00:01:58.337  [34mINFO [0;39m [36mio.undertow.servlet[0;39m Initializing Spring embedded WebApplicationContext
2018-06-07 00:01:58.337  [34mINFO [0;39m [36mo.s.web.context.ContextLoader[0;39m Root WebApplicationContext: initialization completed in 2981 ms
2018-06-07 00:01:58.569  [34mINFO [0;39m [36mo.s.b.w.s.ServletRegistrationBean[0;39m Servlet dispatcherServlet mapped to [/]
2018-06-07 00:01:58.579  [34mINFO [0;39m [36mo.s.b.w.s.FilterRegistrationBean[0;39m Mapping filter: 'characterEncodingFilter' to: [/*]
2018-06-07 00:01:58.579  [34mINFO [0;39m [36mo.s.b.w.s.FilterRegistrationBean[0;39m Mapping filter: 'hiddenHttpMethodFilter' to: [/*]
2018-06-07 00:01:58.579  [34mINFO [0;39m [36mo.s.b.w.s.FilterRegistrationBean[0;39m Mapping filter: 'httpPutFormContentFilter' to: [/*]
2018-06-07 00:01:58.579  [34mINFO [0;39m [36mo.s.b.w.s.FilterRegistrationBean[0;39m Mapping filter: 'requestContextFilter' to: [/*]
2018-06-07 00:01:59.131  [34mINFO [0;39m [36mcom.zaxxer.hikari.HikariDataSource[0;39m HikariPool-1 - Starting...
2018-06-07 00:01:59.488  [34mINFO [0;39m [36mcom.zaxxer.hikari.HikariDataSource[0;39m HikariPool-1 - Start completed.
2018-06-07 00:01:59.578  [34mINFO [0;39m [36mo.s.o.j.LocalContainerEntityManagerFactoryBean[0;39m Building JPA container EntityManagerFactory for persistence unit 'default'
2018-06-07 00:01:59.618  [34mINFO [0;39m [36mo.h.jpa.internal.util.LogHelper[0;39m HHH000204: Processing PersistenceUnitInfo [
	name: default
	...]
2018-06-07 00:01:59.850  [34mINFO [0;39m [36morg.hibernate.Version[0;39m HHH000412: Hibernate Core {5.2.17.Final}
2018-06-07 00:01:59.850  [34mINFO [0;39m [36morg.hibernate.cfg.Environment[0;39m HHH000206: hibernate.properties not found
2018-06-07 00:01:59.960  [34mINFO [0;39m [36mo.h.annotations.common.Version[0;39m HCANN000001: Hibernate Commons Annotations {5.0.1.Final}
2018-06-07 00:02:00.257  [34mINFO [0;39m [36morg.hibernate.dialect.Dialect[0;39m HHH000400: Using dialect: org.hibernate.dialect.MySQL57Dialect
2018-06-07 00:02:01.245  [34mINFO [0;39m [36mo.s.o.j.LocalContainerEntityManagerFactoryBean[0;39m Initialized JPA EntityManagerFactory for persistence unit 'default'
2018-06-07 00:02:02.197  [34mINFO [0;39m [36mo.s.w.s.h.SimpleUrlHandlerMapping[0;39m Mapped URL path [/**/favicon.ico] onto handler of type [class org.springframework.web.servlet.resource.ResourceHttpRequestHandler]
2018-06-07 00:02:02.839  [34mINFO [0;39m [36mo.s.w.s.m.m.a.RequestMappingHandlerAdapter[0;39m Looking for @ControllerAdvice: org.springframework.boot.web.servlet.context.AnnotationConfigServletWebServerApplicationContext@4ebea12c: startup date [Thu Jun 07 00:01:55 IST 2018]; root of context hierarchy
2018-06-07 00:02:02.955  [31mWARN [0;39m [36mo.s.b.a.o.j.JpaBaseConfiguration$JpaWebConfiguration$JpaWebMvcConfiguration[0;39m spring.jpa.open-in-view is enabled by default. Therefore, database queries may be performed during view rendering. Explicitly configure spring.jpa.open-in-view to disable this warning
2018-06-07 00:02:03.071  [34mINFO [0;39m [36mo.s.w.s.m.m.a.RequestMappingHandlerMapping[0;39m Mapped "{[/config/service],methods=[GET]}" onto public org.springframework.http.ResponseEntity<?> com.config.controller.ServiceDataController.getServiceFile()
2018-06-07 00:02:03.071  [34mINFO [0;39m [36mo.s.w.s.m.m.a.RequestMappingHandlerMapping[0;39m Mapped "{[/config/service],methods=[POST]}" onto public org.springframework.http.ResponseEntity<?> com.config.controller.ServiceDataController.uploadServiceFile(org.springframework.web.multipart.MultipartFile)
2018-06-07 00:02:03.082  [34mINFO [0;39m [36mo.s.w.s.m.m.a.RequestMappingHandlerMapping[0;39m Mapped "{[/config/service],methods=[PUT]}" onto public org.springframework.http.ResponseEntity<?> com.config.controller.ServiceDataController.updateServiceFile()
2018-06-07 00:02:03.083  [34mINFO [0;39m [36mo.s.w.s.m.m.a.RequestMappingHandlerMapping[0;39m Mapped "{[/config/service],methods=[DELETE]}" onto public org.springframework.http.ResponseEntity<?> com.config.controller.ServiceDataController.deleteServiceFile(long)
2018-06-07 00:02:03.106  [34mINFO [0;39m [36mo.s.w.s.m.m.a.RequestMappingHandlerMapping[0;39m Mapped "{[/error]}" onto public org.springframework.http.ResponseEntity<java.util.Map<java.lang.String, java.lang.Object>> org.springframework.boot.autoconfigure.web.servlet.error.BasicErrorController.error(javax.servlet.http.HttpServletRequest)
2018-06-07 00:02:03.110  [34mINFO [0;39m [36mo.s.w.s.m.m.a.RequestMappingHandlerMapping[0;39m Mapped "{[/error],produces=[text/html]}" onto public org.springframework.web.servlet.ModelAndView org.springframework.boot.autoconfigure.web.servlet.error.BasicErrorController.errorHtml(javax.servlet.http.HttpServletRequest,javax.servlet.http.HttpServletResponse)
2018-06-07 00:02:03.183  [34mINFO [0;39m [36mo.s.w.s.h.SimpleUrlHandlerMapping[0;39m Mapped URL path [/webjars/**] onto handler of type [class org.springframework.web.servlet.resource.ResourceHttpRequestHandler]
2018-06-07 00:02:03.183  [34mINFO [0;39m [36mo.s.w.s.h.SimpleUrlHandlerMapping[0;39m Mapped URL path [/**] onto handler of type [class org.springframework.web.servlet.resource.ResourceHttpRequestHandler]
2018-06-07 00:02:03.912  [34mINFO [0;39m [36mo.s.j.e.a.AnnotationMBeanExporter[0;39m Registering beans for JMX exposure on startup
2018-06-07 00:02:03.917  [34mINFO [0;39m [36mo.s.j.e.a.AnnotationMBeanExporter[0;39m Bean with name 'dataSource' has been autodetected for JMX exposure
2018-06-07 00:02:03.927  [34mINFO [0;39m [36mo.s.j.e.a.AnnotationMBeanExporter[0;39m Located MBean 'dataSource': registering with JMX server as MBean [com.zaxxer.hikari:name=dataSource,type=HikariDataSource]
2018-06-07 00:02:04.035  [34mINFO [0;39m [36mo.s.b.w.e.u.UndertowServletWebServer[0;39m Undertow started on port(s) 8081 (http) with context path ''
2018-06-07 00:02:04.045  [34mINFO [0;39m [36mcom.config.TelecomApplication[0;39m Started TelecomApplication in 9.548 seconds (JVM running for 11.24)
2018-06-07 00:02:40.257  [34mINFO [0;39m [36mio.undertow.servlet[0;39m Initializing Spring FrameworkServlet 'dispatcherServlet'
2018-06-07 00:02:40.257  [34mINFO [0;39m [36mo.s.web.servlet.DispatcherServlet[0;39m FrameworkServlet 'dispatcherServlet': initialization started
2018-06-07 00:02:40.293  [34mINFO [0;39m [36mo.s.web.servlet.DispatcherServlet[0;39m FrameworkServlet 'dispatcherServlet': initialization completed in 32 ms
2018-06-07 00:02:40.523  [34mINFO [0;39m [36mc.c.controller.ServiceDataController[0;39m enter ServiceDataController.deleteServiceFile29
2018-06-07 00:02:40.847  [34mINFO [0;39m [36mc.c.controller.ServiceDataController[0;39m exit ServiceDataController.deleteServiceFile{}
2018-06-07 00:33:46.730  [34mINFO [0;39m [36mcom.config.TelecomApplication[0;39m Starting TelecomApplication on skyfall-PC with PID 10600 (D:\projectworkspace\telecom\target\classes started by skyfall in D:\projectworkspace\telecom)
2018-06-07 00:33:46.750  [34mINFO [0;39m [36mcom.config.TelecomApplication[0;39m No active profile set, falling back to default profiles: default
2018-06-07 00:33:46.934  [34mINFO [0;39m [36mo.s.b.w.s.c.AnnotationConfigServletWebServerApplicationContext[0;39m Refreshing org.springframework.boot.web.servlet.context.AnnotationConfigServletWebServerApplicationContext@592e843a: startup date [Thu Jun 07 00:33:46 IST 2018]; root of context hierarchy
2018-06-07 00:33:49.154  [34mINFO [0;39m [36mo.s.c.s.PostProcessorRegistrationDelegate$BeanPostProcessorChecker[0;39m Bean 'org.springframework.transaction.annotation.ProxyTransactionManagementConfiguration' of type [org.springframework.transaction.annotation.ProxyTransactionManagementConfiguration$$EnhancerBySpringCGLIB$$7a9e0da4] is not eligible for getting processed by all BeanPostProcessors (for example: not eligible for auto-proxying)
2018-06-07 00:33:49.727  [34mINFO [0;39m [36morg.xnio[0;39m XNIO version 3.3.8.Final
2018-06-07 00:33:49.757  [34mINFO [0;39m [36morg.xnio.nio[0;39m XNIO NIO Implementation Version 3.3.8.Final
2018-06-07 00:33:49.837  [31mWARN [0;39m [36mio.undertow.websockets.jsr[0;39m UT026009: XNIO worker was not set on WebSocketDeploymentInfo, the default worker will be used
2018-06-07 00:33:49.837  [31mWARN [0;39m [36mio.undertow.websockets.jsr[0;39m UT026010: Buffer pool was not set on WebSocketDeploymentInfo, the default pool will be used
2018-06-07 00:33:49.887  [34mINFO [0;39m [36mio.undertow.servlet[0;39m Initializing Spring embedded WebApplicationContext
2018-06-07 00:33:49.887  [34mINFO [0;39m [36mo.s.web.context.ContextLoader[0;39m Root WebApplicationContext: initialization completed in 2953 ms
2018-06-07 00:33:50.190  [34mINFO [0;39m [36mo.s.b.w.s.ServletRegistrationBean[0;39m Servlet dispatcherServlet mapped to [/]
2018-06-07 00:33:50.201  [34mINFO [0;39m [36mo.s.b.w.s.FilterRegistrationBean[0;39m Mapping filter: 'characterEncodingFilter' to: [/*]
2018-06-07 00:33:50.201  [34mINFO [0;39m [36mo.s.b.w.s.FilterRegistrationBean[0;39m Mapping filter: 'hiddenHttpMethodFilter' to: [/*]
2018-06-07 00:33:50.201  [34mINFO [0;39m [36mo.s.b.w.s.FilterRegistrationBean[0;39m Mapping filter: 'httpPutFormContentFilter' to: [/*]
2018-06-07 00:33:50.201  [34mINFO [0;39m [36mo.s.b.w.s.FilterRegistrationBean[0;39m Mapping filter: 'requestContextFilter' to: [/*]
2018-06-07 00:33:50.605  [34mINFO [0;39m [36mcom.zaxxer.hikari.HikariDataSource[0;39m HikariPool-1 - Starting...
2018-06-07 00:33:51.158  [34mINFO [0;39m [36mcom.zaxxer.hikari.HikariDataSource[0;39m HikariPool-1 - Start completed.
2018-06-07 00:33:51.248  [34mINFO [0;39m [36mo.s.o.j.LocalContainerEntityManagerFactoryBean[0;39m Building JPA container EntityManagerFactory for persistence unit 'default'
2018-06-07 00:33:51.278  [34mINFO [0;39m [36mo.h.jpa.internal.util.LogHelper[0;39m HHH000204: Processing PersistenceUnitInfo [
	name: default
	...]
2018-06-07 00:33:51.450  [34mINFO [0;39m [36morg.hibernate.Version[0;39m HHH000412: Hibernate Core {5.2.17.Final}
2018-06-07 00:33:51.450  [34mINFO [0;39m [36morg.hibernate.cfg.Environment[0;39m HHH000206: hibernate.properties not found
2018-06-07 00:33:51.542  [34mINFO [0;39m [36mo.h.annotations.common.Version[0;39m HCANN000001: Hibernate Commons Annotations {5.0.1.Final}
2018-06-07 00:33:51.782  [34mINFO [0;39m [36morg.hibernate.dialect.Dialect[0;39m HHH000400: Using dialect: org.hibernate.dialect.MySQL57Dialect
2018-06-07 00:33:52.764  [34mINFO [0;39m [36mo.s.o.j.LocalContainerEntityManagerFactoryBean[0;39m Initialized JPA EntityManagerFactory for persistence unit 'default'
2018-06-07 00:33:53.668  [34mINFO [0;39m [36mo.s.w.s.h.SimpleUrlHandlerMapping[0;39m Mapped URL path [/**/favicon.ico] onto handler of type [class org.springframework.web.servlet.resource.ResourceHttpRequestHandler]
2018-06-07 00:33:54.322  [34mINFO [0;39m [36mo.s.w.s.m.m.a.RequestMappingHandlerAdapter[0;39m Looking for @ControllerAdvice: org.springframework.boot.web.servlet.context.AnnotationConfigServletWebServerApplicationContext@592e843a: startup date [Thu Jun 07 00:33:46 IST 2018]; root of context hierarchy
2018-06-07 00:33:54.428  [31mWARN [0;39m [36mo.s.b.a.o.j.JpaBaseConfiguration$JpaWebConfiguration$JpaWebMvcConfiguration[0;39m spring.jpa.open-in-view is enabled by default. Therefore, database queries may be performed during view rendering. Explicitly configure spring.jpa.open-in-view to disable this warning
2018-06-07 00:33:54.546  [34mINFO [0;39m [36mo.s.w.s.m.m.a.RequestMappingHandlerMapping[0;39m Mapped "{[/config/service],methods=[GET]}" onto public org.springframework.http.ResponseEntity<?> com.config.controller.ServiceDataController.getServiceFile()
2018-06-07 00:33:54.547  [34mINFO [0;39m [36mo.s.w.s.m.m.a.RequestMappingHandlerMapping[0;39m Mapped "{[/config/service],methods=[POST]}" onto public org.springframework.http.ResponseEntity<?> com.config.controller.ServiceDataController.uploadServiceFile(org.springframework.web.multipart.MultipartFile)
2018-06-07 00:33:54.547  [34mINFO [0;39m [36mo.s.w.s.m.m.a.RequestMappingHandlerMapping[0;39m Mapped "{[/config/service],methods=[PUT]}" onto public org.springframework.http.ResponseEntity<?> com.config.controller.ServiceDataController.updateServiceFile(org.springframework.web.multipart.MultipartFile,long)
2018-06-07 00:33:54.547  [34mINFO [0;39m [36mo.s.w.s.m.m.a.RequestMappingHandlerMapping[0;39m Mapped "{[/config/service],methods=[DELETE]}" onto public org.springframework.http.ResponseEntity<?> com.config.controller.ServiceDataController.deleteServiceFile(long)
2018-06-07 00:33:54.557  [34mINFO [0;39m [36mo.s.w.s.m.m.a.RequestMappingHandlerMapping[0;39m Mapped "{[/error]}" onto public org.springframework.http.ResponseEntity<java.util.Map<java.lang.String, java.lang.Object>> org.springframework.boot.autoconfigure.web.servlet.error.BasicErrorController.error(javax.servlet.http.HttpServletRequest)
2018-06-07 00:33:54.557  [34mINFO [0;39m [36mo.s.w.s.m.m.a.RequestMappingHandlerMapping[0;39m Mapped "{[/error],produces=[text/html]}" onto public org.springframework.web.servlet.ModelAndView org.springframework.boot.autoconfigure.web.servlet.error.BasicErrorController.errorHtml(javax.servlet.http.HttpServletRequest,javax.servlet.http.HttpServletResponse)
2018-06-07 00:33:54.639  [34mINFO [0;39m [36mo.s.w.s.h.SimpleUrlHandlerMapping[0;39m Mapped URL path [/webjars/**] onto handler of type [class org.springframework.web.servlet.resource.ResourceHttpRequestHandler]
2018-06-07 00:33:54.639  [34mINFO [0;39m [36mo.s.w.s.h.SimpleUrlHandlerMapping[0;39m Mapped URL path [/**] onto handler of type [class org.springframework.web.servlet.resource.ResourceHttpRequestHandler]
2018-06-07 00:33:55.371  [34mINFO [0;39m [36mo.s.j.e.a.AnnotationMBeanExporter[0;39m Registering beans for JMX exposure on startup
2018-06-07 00:33:55.371  [34mINFO [0;39m [36mo.s.j.e.a.AnnotationMBeanExporter[0;39m Bean with name 'dataSource' has been autodetected for JMX exposure
2018-06-07 00:33:55.381  [34mINFO [0;39m [36mo.s.j.e.a.AnnotationMBeanExporter[0;39m Located MBean 'dataSource': registering with JMX server as MBean [com.zaxxer.hikari:name=dataSource,type=HikariDataSource]
2018-06-07 00:33:55.504  [34mINFO [0;39m [36mo.s.b.w.e.u.UndertowServletWebServer[0;39m Undertow started on port(s) 8081 (http) with context path ''
2018-06-07 00:33:55.504  [34mINFO [0;39m [36mcom.config.TelecomApplication[0;39m Started TelecomApplication in 9.408 seconds (JVM running for 11.044)
2018-06-07 00:34:31.833  [34mINFO [0;39m [36mio.undertow.servlet[0;39m Initializing Spring FrameworkServlet 'dispatcherServlet'
2018-06-07 00:34:31.833  [34mINFO [0;39m [36mo.s.web.servlet.DispatcherServlet[0;39m FrameworkServlet 'dispatcherServlet': initialization started
2018-06-07 00:34:31.884  [34mINFO [0;39m [36mo.s.web.servlet.DispatcherServlet[0;39m FrameworkServlet 'dispatcherServlet': initialization completed in 50 ms
2018-06-07 00:34:32.021  [34mINFO [0;39m [36mc.c.controller.ServiceDataController[0;39m enter ServiceDataController.updateServiceFileservice.csv,28
2018-06-07 00:34:32.303  [34mINFO [0;39m [36mc.c.controller.ServiceDataController[0;39m exit ServiceDataController.uploadXlsFile{successMessage=File updated successfully, fileId=28}
2018-06-07 00:39:14.844  [34mINFO [0;39m [36mcom.config.TelecomApplication[0;39m Starting TelecomApplication on skyfall-PC with PID 10432 (D:\projectworkspace\telecom\target\classes started by skyfall in D:\projectworkspace\telecom)
2018-06-07 00:39:14.864  [34mINFO [0;39m [36mcom.config.TelecomApplication[0;39m No active profile set, falling back to default profiles: default
2018-06-07 00:39:15.111  [34mINFO [0;39m [36mo.s.b.w.s.c.AnnotationConfigServletWebServerApplicationContext[0;39m Refreshing org.springframework.boot.web.servlet.context.AnnotationConfigServletWebServerApplicationContext@3f363cf5: startup date [Thu Jun 07 00:39:15 IST 2018]; root of context hierarchy
2018-06-07 00:39:17.309  [34mINFO [0;39m [36mo.s.c.s.PostProcessorRegistrationDelegate$BeanPostProcessorChecker[0;39m Bean 'org.springframework.transaction.annotation.ProxyTransactionManagementConfiguration' of type [org.springframework.transaction.annotation.ProxyTransactionManagementConfiguration$$EnhancerBySpringCGLIB$$eaac8dfa] is not eligible for getting processed by all BeanPostProcessors (for example: not eligible for auto-proxying)
2018-06-07 00:39:17.945  [34mINFO [0;39m [36morg.xnio[0;39m XNIO version 3.3.8.Final
2018-06-07 00:39:17.975  [34mINFO [0;39m [36morg.xnio.nio[0;39m XNIO NIO Implementation Version 3.3.8.Final
2018-06-07 00:39:18.045  [31mWARN [0;39m [36mio.undertow.websockets.jsr[0;39m UT026009: XNIO worker was not set on WebSocketDeploymentInfo, the default worker will be used
2018-06-07 00:39:18.045  [31mWARN [0;39m [36mio.undertow.websockets.jsr[0;39m UT026010: Buffer pool was not set on WebSocketDeploymentInfo, the default pool will be used
2018-06-07 00:39:18.085  [34mINFO [0;39m [36mio.undertow.servlet[0;39m Initializing Spring embedded WebApplicationContext
2018-06-07 00:39:18.085  [34mINFO [0;39m [36mo.s.web.context.ContextLoader[0;39m Root WebApplicationContext: initialization completed in 2974 ms
2018-06-07 00:39:18.369  [34mINFO [0;39m [36mo.s.b.w.s.ServletRegistrationBean[0;39m Servlet dispatcherServlet mapped to [/]
2018-06-07 00:39:18.379  [34mINFO [0;39m [36mo.s.b.w.s.FilterRegistrationBean[0;39m Mapping filter: 'characterEncodingFilter' to: [/*]
2018-06-07 00:39:18.379  [34mINFO [0;39m [36mo.s.b.w.s.FilterRegistrationBean[0;39m Mapping filter: 'hiddenHttpMethodFilter' to: [/*]
2018-06-07 00:39:18.379  [34mINFO [0;39m [36mo.s.b.w.s.FilterRegistrationBean[0;39m Mapping filter: 'httpPutFormContentFilter' to: [/*]
2018-06-07 00:39:18.379  [34mINFO [0;39m [36mo.s.b.w.s.FilterRegistrationBean[0;39m Mapping filter: 'requestContextFilter' to: [/*]
2018-06-07 00:39:18.796  [34mINFO [0;39m [36mcom.zaxxer.hikari.HikariDataSource[0;39m HikariPool-1 - Starting...
2018-06-07 00:39:19.449  [34mINFO [0;39m [36mcom.zaxxer.hikari.HikariDataSource[0;39m HikariPool-1 - Start completed.
2018-06-07 00:39:19.542  [34mINFO [0;39m [36mo.s.o.j.LocalContainerEntityManagerFactoryBean[0;39m Building JPA container EntityManagerFactory for persistence unit 'default'
2018-06-07 00:39:19.592  [34mINFO [0;39m [36mo.h.jpa.internal.util.LogHelper[0;39m HHH000204: Processing PersistenceUnitInfo [
	name: default
	...]
2018-06-07 00:39:19.789  [34mINFO [0;39m [36morg.hibernate.Version[0;39m HHH000412: Hibernate Core {5.2.17.Final}
2018-06-07 00:39:19.789  [34mINFO [0;39m [36morg.hibernate.cfg.Environment[0;39m HHH000206: hibernate.properties not found
2018-06-07 00:39:19.869  [34mINFO [0;39m [36mo.h.annotations.common.Version[0;39m HCANN000001: Hibernate Commons Annotations {5.0.1.Final}
2018-06-07 00:39:20.119  [34mINFO [0;39m [36morg.hibernate.dialect.Dialect[0;39m HHH000400: Using dialect: org.hibernate.dialect.MySQL57Dialect
2018-06-07 00:39:21.131  [34mINFO [0;39m [36mo.s.o.j.LocalContainerEntityManagerFactoryBean[0;39m Initialized JPA EntityManagerFactory for persistence unit 'default'
2018-06-07 00:39:22.034  [34mINFO [0;39m [36mo.s.w.s.h.SimpleUrlHandlerMapping[0;39m Mapped URL path [/**/favicon.ico] onto handler of type [class org.springframework.web.servlet.resource.ResourceHttpRequestHandler]
2018-06-07 00:39:22.674  [34mINFO [0;39m [36mo.s.w.s.m.m.a.RequestMappingHandlerAdapter[0;39m Looking for @ControllerAdvice: org.springframework.boot.web.servlet.context.AnnotationConfigServletWebServerApplicationContext@3f363cf5: startup date [Thu Jun 07 00:39:15 IST 2018]; root of context hierarchy
2018-06-07 00:39:22.780  [31mWARN [0;39m [36mo.s.b.a.o.j.JpaBaseConfiguration$JpaWebConfiguration$JpaWebMvcConfiguration[0;39m spring.jpa.open-in-view is enabled by default. Therefore, database queries may be performed during view rendering. Explicitly configure spring.jpa.open-in-view to disable this warning
2018-06-07 00:39:22.895  [34mINFO [0;39m [36mo.s.w.s.m.m.a.RequestMappingHandlerMapping[0;39m Mapped "{[/config/service],methods=[POST]}" onto public org.springframework.http.ResponseEntity<?> com.config.controller.ServiceDataController.uploadServiceFile(org.springframework.web.multipart.MultipartFile)
2018-06-07 00:39:22.898  [34mINFO [0;39m [36mo.s.w.s.m.m.a.RequestMappingHandlerMapping[0;39m Mapped "{[/config/service],methods=[PUT]}" onto public org.springframework.http.ResponseEntity<?> com.config.controller.ServiceDataController.updateServiceFile(org.springframework.web.multipart.MultipartFile,long)
2018-06-07 00:39:22.899  [34mINFO [0;39m [36mo.s.w.s.m.m.a.RequestMappingHandlerMapping[0;39m Mapped "{[/config/service],methods=[DELETE]}" onto public org.springframework.http.ResponseEntity<?> com.config.controller.ServiceDataController.deleteServiceFile(long)
2018-06-07 00:39:22.900  [34mINFO [0;39m [36mo.s.w.s.m.m.a.RequestMappingHandlerMapping[0;39m Mapped "{[/config/service],methods=[GET]}" onto public org.springframework.http.ResponseEntity<?> com.config.controller.ServiceDataController.getServiceFile()
2018-06-07 00:39:22.902  [34mINFO [0;39m [36mo.s.w.s.m.m.a.RequestMappingHandlerMapping[0;39m Mapped "{[/error]}" onto public org.springframework.http.ResponseEntity<java.util.Map<java.lang.String, java.lang.Object>> org.springframework.boot.autoconfigure.web.servlet.error.BasicErrorController.error(javax.servlet.http.HttpServletRequest)
2018-06-07 00:39:22.902  [34mINFO [0;39m [36mo.s.w.s.m.m.a.RequestMappingHandlerMapping[0;39m Mapped "{[/error],produces=[text/html]}" onto public org.springframework.web.servlet.ModelAndView org.springframework.boot.autoconfigure.web.servlet.error.BasicErrorController.errorHtml(javax.servlet.http.HttpServletRequest,javax.servlet.http.HttpServletResponse)
2018-06-07 00:39:22.982  [34mINFO [0;39m [36mo.s.w.s.h.SimpleUrlHandlerMapping[0;39m Mapped URL path [/webjars/**] onto handler of type [class org.springframework.web.servlet.resource.ResourceHttpRequestHandler]
2018-06-07 00:39:22.982  [34mINFO [0;39m [36mo.s.w.s.h.SimpleUrlHandlerMapping[0;39m Mapped URL path [/**] onto handler of type [class org.springframework.web.servlet.resource.ResourceHttpRequestHandler]
2018-06-07 00:39:23.681  [34mINFO [0;39m [36mo.s.j.e.a.AnnotationMBeanExporter[0;39m Registering beans for JMX exposure on startup
2018-06-07 00:39:23.684  [34mINFO [0;39m [36mo.s.j.e.a.AnnotationMBeanExporter[0;39m Bean with name 'dataSource' has been autodetected for JMX exposure
2018-06-07 00:39:23.689  [34mINFO [0;39m [36mo.s.j.e.a.AnnotationMBeanExporter[0;39m Located MBean 'dataSource': registering with JMX server as MBean [com.zaxxer.hikari:name=dataSource,type=HikariDataSource]
2018-06-07 00:39:23.825  [34mINFO [0;39m [36mo.s.b.w.e.u.UndertowServletWebServer[0;39m Undertow started on port(s) 8081 (http) with context path ''
2018-06-07 00:39:23.825  [34mINFO [0;39m [36mcom.config.TelecomApplication[0;39m Started TelecomApplication in 9.556 seconds (JVM running for 11.23)
2018-06-07 00:39:34.767  [34mINFO [0;39m [36mio.undertow.servlet[0;39m Initializing Spring FrameworkServlet 'dispatcherServlet'
2018-06-07 00:39:34.767  [34mINFO [0;39m [36mo.s.web.servlet.DispatcherServlet[0;39m FrameworkServlet 'dispatcherServlet': initialization started
2018-06-07 00:39:34.812  [34mINFO [0;39m [36mo.s.web.servlet.DispatcherServlet[0;39m FrameworkServlet 'dispatcherServlet': initialization completed in 44 ms
2018-06-07 00:39:34.956  [34mINFO [0;39m [36mc.c.controller.ServiceDataController[0;39m enter ServiceDataController.updateServiceFileservice.csv,28
2018-06-07 00:39:35.176  [34mINFO [0;39m [36mc.c.controller.ServiceDataController[0;39m exit ServiceDataController.uploadXlsFile{successMessage=File updated successfully, fileId=28}
2018-06-07 00:40:14.406  [34mINFO [0;39m [36mcom.config.TelecomApplication[0;39m Starting TelecomApplication on skyfall-PC with PID 7956 (D:\projectworkspace\telecom\target\classes started by skyfall in D:\projectworkspace\telecom)
2018-06-07 00:40:14.426  [34mINFO [0;39m [36mcom.config.TelecomApplication[0;39m No active profile set, falling back to default profiles: default
2018-06-07 00:40:14.628  [34mINFO [0;39m [36mo.s.b.w.s.c.AnnotationConfigServletWebServerApplicationContext[0;39m Refreshing org.springframework.boot.web.servlet.context.AnnotationConfigServletWebServerApplicationContext@25ddbbbb: startup date [Thu Jun 07 00:40:14 IST 2018]; root of context hierarchy
2018-06-07 00:40:16.999  [34mINFO [0;39m [36mo.s.c.s.PostProcessorRegistrationDelegate$BeanPostProcessorChecker[0;39m Bean 'org.springframework.transaction.annotation.ProxyTransactionManagementConfiguration' of type [org.springframework.transaction.annotation.ProxyTransactionManagementConfiguration$$EnhancerBySpringCGLIB$$47edfb6a] is not eligible for getting processed by all BeanPostProcessors (for example: not eligible for auto-proxying)
2018-06-07 00:40:17.595  [34mINFO [0;39m [36morg.xnio[0;39m XNIO version 3.3.8.Final
2018-06-07 00:40:17.635  [34mINFO [0;39m [36morg.xnio.nio[0;39m XNIO NIO Implementation Version 3.3.8.Final
2018-06-07 00:40:17.732  [31mWARN [0;39m [36mio.undertow.websockets.jsr[0;39m UT026009: XNIO worker was not set on WebSocketDeploymentInfo, the default worker will be used
2018-06-07 00:40:17.732  [31mWARN [0;39m [36mio.undertow.websockets.jsr[0;39m UT026010: Buffer pool was not set on WebSocketDeploymentInfo, the default pool will be used
2018-06-07 00:40:17.790  [34mINFO [0;39m [36mio.undertow.servlet[0;39m Initializing Spring embedded WebApplicationContext
2018-06-07 00:40:17.790  [34mINFO [0;39m [36mo.s.web.context.ContextLoader[0;39m Root WebApplicationContext: initialization completed in 3162 ms
2018-06-07 00:40:18.084  [34mINFO [0;39m [36mo.s.b.w.s.ServletRegistrationBean[0;39m Servlet dispatcherServlet mapped to [/]
2018-06-07 00:40:18.094  [34mINFO [0;39m [36mo.s.b.w.s.FilterRegistrationBean[0;39m Mapping filter: 'characterEncodingFilter' to: [/*]
2018-06-07 00:40:18.104  [34mINFO [0;39m [36mo.s.b.w.s.FilterRegistrationBean[0;39m Mapping filter: 'hiddenHttpMethodFilter' to: [/*]
2018-06-07 00:40:18.104  [34mINFO [0;39m [36mo.s.b.w.s.FilterRegistrationBean[0;39m Mapping filter: 'httpPutFormContentFilter' to: [/*]
2018-06-07 00:40:18.104  [34mINFO [0;39m [36mo.s.b.w.s.FilterRegistrationBean[0;39m Mapping filter: 'requestContextFilter' to: [/*]
2018-06-07 00:40:18.445  [34mINFO [0;39m [36mcom.zaxxer.hikari.HikariDataSource[0;39m HikariPool-1 - Starting...
2018-06-07 00:40:18.951  [34mINFO [0;39m [36mcom.zaxxer.hikari.HikariDataSource[0;39m HikariPool-1 - Start completed.
2018-06-07 00:40:19.061  [34mINFO [0;39m [36mo.s.o.j.LocalContainerEntityManagerFactoryBean[0;39m Building JPA container EntityManagerFactory for persistence unit 'default'
2018-06-07 00:40:19.155  [34mINFO [0;39m [36mo.h.jpa.internal.util.LogHelper[0;39m HHH000204: Processing PersistenceUnitInfo [
	name: default
	...]
2018-06-07 00:40:19.320  [34mINFO [0;39m [36morg.hibernate.Version[0;39m HHH000412: Hibernate Core {5.2.17.Final}
2018-06-07 00:40:19.320  [34mINFO [0;39m [36morg.hibernate.cfg.Environment[0;39m HHH000206: hibernate.properties not found
2018-06-07 00:40:19.390  [34mINFO [0;39m [36mo.h.annotations.common.Version[0;39m HCANN000001: Hibernate Commons Annotations {5.0.1.Final}
2018-06-07 00:40:19.653  [34mINFO [0;39m [36morg.hibernate.dialect.Dialect[0;39m HHH000400: Using dialect: org.hibernate.dialect.MySQL57Dialect
2018-06-07 00:40:20.600  [34mINFO [0;39m [36mo.s.o.j.LocalContainerEntityManagerFactoryBean[0;39m Initialized JPA EntityManagerFactory for persistence unit 'default'
2018-06-07 00:40:21.555  [34mINFO [0;39m [36mo.s.w.s.h.SimpleUrlHandlerMapping[0;39m Mapped URL path [/**/favicon.ico] onto handler of type [class org.springframework.web.servlet.resource.ResourceHttpRequestHandler]
2018-06-07 00:40:22.181  [34mINFO [0;39m [36mo.s.w.s.m.m.a.RequestMappingHandlerAdapter[0;39m Looking for @ControllerAdvice: org.springframework.boot.web.servlet.context.AnnotationConfigServletWebServerApplicationContext@25ddbbbb: startup date [Thu Jun 07 00:40:14 IST 2018]; root of context hierarchy
2018-06-07 00:40:22.295  [31mWARN [0;39m [36mo.s.b.a.o.j.JpaBaseConfiguration$JpaWebConfiguration$JpaWebMvcConfiguration[0;39m spring.jpa.open-in-view is enabled by default. Therefore, database queries may be performed during view rendering. Explicitly configure spring.jpa.open-in-view to disable this warning
2018-06-07 00:40:22.410  [34mINFO [0;39m [36mo.s.w.s.m.m.a.RequestMappingHandlerMapping[0;39m Mapped "{[/config/service],methods=[GET]}" onto public org.springframework.http.ResponseEntity<?> com.config.controller.ServiceDataController.getServiceFile()
2018-06-07 00:40:22.412  [34mINFO [0;39m [36mo.s.w.s.m.m.a.RequestMappingHandlerMapping[0;39m Mapped "{[/config/service],methods=[POST]}" onto public org.springframework.http.ResponseEntity<?> com.config.controller.ServiceDataController.uploadServiceFile(org.springframework.web.multipart.MultipartFile)
2018-06-07 00:40:22.415  [34mINFO [0;39m [36mo.s.w.s.m.m.a.RequestMappingHandlerMapping[0;39m Mapped "{[/config/service],methods=[PUT]}" onto public org.springframework.http.ResponseEntity<?> com.config.controller.ServiceDataController.updateServiceFile(org.springframework.web.multipart.MultipartFile,long)
2018-06-07 00:40:22.415  [34mINFO [0;39m [36mo.s.w.s.m.m.a.RequestMappingHandlerMapping[0;39m Mapped "{[/config/service],methods=[DELETE]}" onto public org.springframework.http.ResponseEntity<?> com.config.controller.ServiceDataController.deleteServiceFile(long)
2018-06-07 00:40:22.424  [34mINFO [0;39m [36mo.s.w.s.m.m.a.RequestMappingHandlerMapping[0;39m Mapped "{[/error]}" onto public org.springframework.http.ResponseEntity<java.util.Map<java.lang.String, java.lang.Object>> org.springframework.boot.autoconfigure.web.servlet.error.BasicErrorController.error(javax.servlet.http.HttpServletRequest)
2018-06-07 00:40:22.425  [34mINFO [0;39m [36mo.s.w.s.m.m.a.RequestMappingHandlerMapping[0;39m Mapped "{[/error],produces=[text/html]}" onto public org.springframework.web.servlet.ModelAndView org.springframework.boot.autoconfigure.web.servlet.error.BasicErrorController.errorHtml(javax.servlet.http.HttpServletRequest,javax.servlet.http.HttpServletResponse)
2018-06-07 00:40:22.515  [34mINFO [0;39m [36mo.s.w.s.h.SimpleUrlHandlerMapping[0;39m Mapped URL path [/webjars/**] onto handler of type [class org.springframework.web.servlet.resource.ResourceHttpRequestHandler]
2018-06-07 00:40:22.515  [34mINFO [0;39m [36mo.s.w.s.h.SimpleUrlHandlerMapping[0;39m Mapped URL path [/**] onto handler of type [class org.springframework.web.servlet.resource.ResourceHttpRequestHandler]
2018-06-07 00:40:26.197  [34mINFO [0;39m [36mcom.config.TelecomApplication[0;39m Starting TelecomApplication on skyfall-PC with PID 1976 (D:\projectworkspace\telecom\target\classes started by skyfall in D:\projectworkspace\telecom)
2018-06-07 00:40:26.217  [34mINFO [0;39m [36mcom.config.TelecomApplication[0;39m No active profile set, falling back to default profiles: default
2018-06-07 00:40:26.377  [34mINFO [0;39m [36mo.s.b.w.s.c.AnnotationConfigServletWebServerApplicationContext[0;39m Refreshing org.springframework.boot.web.servlet.context.AnnotationConfigServletWebServerApplicationContext@4baf352a: startup date [Thu Jun 07 00:40:26 IST 2018]; root of context hierarchy
2018-06-07 00:40:28.586  [34mINFO [0;39m [36mo.s.c.s.PostProcessorRegistrationDelegate$BeanPostProcessorChecker[0;39m Bean 'org.springframework.transaction.annotation.ProxyTransactionManagementConfiguration' of type [org.springframework.transaction.annotation.ProxyTransactionManagementConfiguration$$EnhancerBySpringCGLIB$$4f8676d7] is not eligible for getting processed by all BeanPostProcessors (for example: not eligible for auto-proxying)
2018-06-07 00:40:29.243  [34mINFO [0;39m [36morg.xnio[0;39m XNIO version 3.3.8.Final
2018-06-07 00:40:29.273  [34mINFO [0;39m [36morg.xnio.nio[0;39m XNIO NIO Implementation Version 3.3.8.Final
2018-06-07 00:40:29.345  [31mWARN [0;39m [36mio.undertow.websockets.jsr[0;39m UT026009: XNIO worker was not set on WebSocketDeploymentInfo, the default worker will be used
2018-06-07 00:40:29.345  [31mWARN [0;39m [36mio.undertow.websockets.jsr[0;39m UT026010: Buffer pool was not set on WebSocketDeploymentInfo, the default pool will be used
2018-06-07 00:40:29.385  [34mINFO [0;39m [36mio.undertow.servlet[0;39m Initializing Spring embedded WebApplicationContext
2018-06-07 00:40:29.385  [34mINFO [0;39m [36mo.s.web.context.ContextLoader[0;39m Root WebApplicationContext: initialization completed in 3008 ms
2018-06-07 00:40:29.655  [34mINFO [0;39m [36mo.s.b.w.s.ServletRegistrationBean[0;39m Servlet dispatcherServlet mapped to [/]
2018-06-07 00:40:29.665  [34mINFO [0;39m [36mo.s.b.w.s.FilterRegistrationBean[0;39m Mapping filter: 'characterEncodingFilter' to: [/*]
2018-06-07 00:40:29.665  [34mINFO [0;39m [36mo.s.b.w.s.FilterRegistrationBean[0;39m Mapping filter: 'hiddenHttpMethodFilter' to: [/*]
2018-06-07 00:40:29.665  [34mINFO [0;39m [36mo.s.b.w.s.FilterRegistrationBean[0;39m Mapping filter: 'httpPutFormContentFilter' to: [/*]
2018-06-07 00:40:29.665  [34mINFO [0;39m [36mo.s.b.w.s.FilterRegistrationBean[0;39m Mapping filter: 'requestContextFilter' to: [/*]
2018-06-07 00:40:30.027  [34mINFO [0;39m [36mcom.zaxxer.hikari.HikariDataSource[0;39m HikariPool-1 - Starting...
2018-06-07 00:40:30.600  [34mINFO [0;39m [36mcom.zaxxer.hikari.HikariDataSource[0;39m HikariPool-1 - Start completed.
2018-06-07 00:40:30.690  [34mINFO [0;39m [36mo.s.o.j.LocalContainerEntityManagerFactoryBean[0;39m Building JPA container EntityManagerFactory for persistence unit 'default'
2018-06-07 00:40:30.731  [34mINFO [0;39m [36mo.h.jpa.internal.util.LogHelper[0;39m HHH000204: Processing PersistenceUnitInfo [
	name: default
	...]
2018-06-07 00:40:30.868  [34mINFO [0;39m [36morg.hibernate.Version[0;39m HHH000412: Hibernate Core {5.2.17.Final}
2018-06-07 00:40:30.878  [34mINFO [0;39m [36morg.hibernate.cfg.Environment[0;39m HHH000206: hibernate.properties not found
2018-06-07 00:40:30.958  [34mINFO [0;39m [36mo.h.annotations.common.Version[0;39m HCANN000001: Hibernate Commons Annotations {5.0.1.Final}
2018-06-07 00:40:31.191  [34mINFO [0;39m [36morg.hibernate.dialect.Dialect[0;39m HHH000400: Using dialect: org.hibernate.dialect.MySQL57Dialect
2018-06-07 00:40:32.158  [34mINFO [0;39m [36mo.s.o.j.LocalContainerEntityManagerFactoryBean[0;39m Initialized JPA EntityManagerFactory for persistence unit 'default'
2018-06-07 00:40:33.106  [34mINFO [0;39m [36mo.s.w.s.h.SimpleUrlHandlerMapping[0;39m Mapped URL path [/**/favicon.ico] onto handler of type [class org.springframework.web.servlet.resource.ResourceHttpRequestHandler]
2018-06-07 00:40:33.740  [34mINFO [0;39m [36mo.s.w.s.m.m.a.RequestMappingHandlerAdapter[0;39m Looking for @ControllerAdvice: org.springframework.boot.web.servlet.context.AnnotationConfigServletWebServerApplicationContext@4baf352a: startup date [Thu Jun 07 00:40:26 IST 2018]; root of context hierarchy
2018-06-07 00:40:33.842  [31mWARN [0;39m [36mo.s.b.a.o.j.JpaBaseConfiguration$JpaWebConfiguration$JpaWebMvcConfiguration[0;39m spring.jpa.open-in-view is enabled by default. Therefore, database queries may be performed during view rendering. Explicitly configure spring.jpa.open-in-view to disable this warning
2018-06-07 00:40:33.960  [34mINFO [0;39m [36mo.s.w.s.m.m.a.RequestMappingHandlerMapping[0;39m Mapped "{[/config/service],methods=[POST]}" onto public org.springframework.http.ResponseEntity<?> com.config.controller.ServiceDataController.uploadServiceFile(org.springframework.web.multipart.MultipartFile)
2018-06-07 00:40:33.962  [34mINFO [0;39m [36mo.s.w.s.m.m.a.RequestMappingHandlerMapping[0;39m Mapped "{[/config/service],methods=[PUT]}" onto public org.springframework.http.ResponseEntity<?> com.config.controller.ServiceDataController.updateServiceFile(org.springframework.web.multipart.MultipartFile,long)
2018-06-07 00:40:33.963  [34mINFO [0;39m [36mo.s.w.s.m.m.a.RequestMappingHandlerMapping[0;39m Mapped "{[/config/service],methods=[DELETE]}" onto public org.springframework.http.ResponseEntity<?> com.config.controller.ServiceDataController.deleteServiceFile(long)
2018-06-07 00:40:33.964  [34mINFO [0;39m [36mo.s.w.s.m.m.a.RequestMappingHandlerMapping[0;39m Mapped "{[/config/service],methods=[GET]}" onto public org.springframework.http.ResponseEntity<?> com.config.controller.ServiceDataController.getServiceFile()
2018-06-07 00:40:33.970  [34mINFO [0;39m [36mo.s.w.s.m.m.a.RequestMappingHandlerMapping[0;39m Mapped "{[/error]}" onto public org.springframework.http.ResponseEntity<java.util.Map<java.lang.String, java.lang.Object>> org.springframework.boot.autoconfigure.web.servlet.error.BasicErrorController.error(javax.servlet.http.HttpServletRequest)
2018-06-07 00:40:33.971  [34mINFO [0;39m [36mo.s.w.s.m.m.a.RequestMappingHandlerMapping[0;39m Mapped "{[/error],produces=[text/html]}" onto public org.springframework.web.servlet.ModelAndView org.springframework.boot.autoconfigure.web.servlet.error.BasicErrorController.errorHtml(javax.servlet.http.HttpServletRequest,javax.servlet.http.HttpServletResponse)
2018-06-07 00:40:34.046  [34mINFO [0;39m [36mo.s.w.s.h.SimpleUrlHandlerMapping[0;39m Mapped URL path [/webjars/**] onto handler of type [class org.springframework.web.servlet.resource.ResourceHttpRequestHandler]
2018-06-07 00:40:34.046  [34mINFO [0;39m [36mo.s.w.s.h.SimpleUrlHandlerMapping[0;39m Mapped URL path [/**] onto handler of type [class org.springframework.web.servlet.resource.ResourceHttpRequestHandler]
2018-06-07 00:40:34.710  [34mINFO [0;39m [36mo.s.j.e.a.AnnotationMBeanExporter[0;39m Registering beans for JMX exposure on startup
2018-06-07 00:40:34.710  [34mINFO [0;39m [36mo.s.j.e.a.AnnotationMBeanExporter[0;39m Bean with name 'dataSource' has been autodetected for JMX exposure
2018-06-07 00:40:34.720  [34mINFO [0;39m [36mo.s.j.e.a.AnnotationMBeanExporter[0;39m Located MBean 'dataSource': registering with JMX server as MBean [com.zaxxer.hikari:name=dataSource,type=HikariDataSource]
2018-06-07 00:40:34.846  [34mINFO [0;39m [36mo.s.b.w.e.u.UndertowServletWebServer[0;39m Undertow started on port(s) 8081 (http) with context path ''
2018-06-07 00:40:34.851  [34mINFO [0;39m [36mcom.config.TelecomApplication[0;39m Started TelecomApplication in 9.309 seconds (JVM running for 10.936)
2018-06-07 00:40:44.252  [34mINFO [0;39m [36mio.undertow.servlet[0;39m Initializing Spring FrameworkServlet 'dispatcherServlet'
2018-06-07 00:40:44.252  [34mINFO [0;39m [36mo.s.web.servlet.DispatcherServlet[0;39m FrameworkServlet 'dispatcherServlet': initialization started
2018-06-07 00:40:44.287  [34mINFO [0;39m [36mo.s.web.servlet.DispatcherServlet[0;39m FrameworkServlet 'dispatcherServlet': initialization completed in 32 ms
2018-06-07 00:40:44.432  [34mINFO [0;39m [36mc.c.controller.ServiceDataController[0;39m enter ServiceDataController.updateServiceFileservice.csv,28
2018-06-07 00:40:44.679  [34mINFO [0;39m [36mc.c.controller.ServiceDataController[0;39m exit ServiceDataController.uploadXlsFile{successMessage=File updated successfully, fileId=28}
2018-06-07 00:41:03.086  [34mINFO [0;39m [36mc.c.controller.ServiceDataController[0;39m enter ServiceDataController.updateServiceFileservice.csv,27
2018-06-07 00:41:03.159  [34mINFO [0;39m [36mc.c.controller.ServiceDataController[0;39m exit ServiceDataController.uploadXlsFile{successMessage=File updated successfully, fileId=27}
2018-06-07 00:45:37.347  [34mINFO [0;39m [36mcom.config.TelecomApplication[0;39m Starting TelecomApplication on skyfall-PC with PID 4892 (D:\projectworkspace\telecom\target\classes started by skyfall in D:\projectworkspace\telecom)
2018-06-07 00:45:37.377  [34mINFO [0;39m [36mcom.config.TelecomApplication[0;39m No active profile set, falling back to default profiles: default
2018-06-07 00:45:37.599  [34mINFO [0;39m [36mo.s.b.w.s.c.AnnotationConfigServletWebServerApplicationContext[0;39m Refreshing org.springframework.boot.web.servlet.context.AnnotationConfigServletWebServerApplicationContext@c7a975a: startup date [Thu Jun 07 00:45:37 IST 2018]; root of context hierarchy
2018-06-07 00:45:39.804  [34mINFO [0;39m [36mo.s.c.s.PostProcessorRegistrationDelegate$BeanPostProcessorChecker[0;39m Bean 'org.springframework.transaction.annotation.ProxyTransactionManagementConfiguration' of type [org.springframework.transaction.annotation.ProxyTransactionManagementConfiguration$$EnhancerBySpringCGLIB$$9d1fc27f] is not eligible for getting processed by all BeanPostProcessors (for example: not eligible for auto-proxying)
2018-06-07 00:45:40.395  [34mINFO [0;39m [36morg.xnio[0;39m XNIO version 3.3.8.Final
2018-06-07 00:45:40.435  [34mINFO [0;39m [36morg.xnio.nio[0;39m XNIO NIO Implementation Version 3.3.8.Final
2018-06-07 00:45:40.542  [31mWARN [0;39m [36mio.undertow.websockets.jsr[0;39m UT026009: XNIO worker was not set on WebSocketDeploymentInfo, the default worker will be used
2018-06-07 00:45:40.543  [31mWARN [0;39m [36mio.undertow.websockets.jsr[0;39m UT026010: Buffer pool was not set on WebSocketDeploymentInfo, the default pool will be used
2018-06-07 00:45:40.595  [34mINFO [0;39m [36mio.undertow.servlet[0;39m Initializing Spring embedded WebApplicationContext
2018-06-07 00:45:40.595  [34mINFO [0;39m [36mo.s.web.context.ContextLoader[0;39m Root WebApplicationContext: initialization completed in 2996 ms
2018-06-07 00:45:40.872  [34mINFO [0;39m [36mo.s.b.w.s.ServletRegistrationBean[0;39m Servlet dispatcherServlet mapped to [/]
2018-06-07 00:45:40.882  [34mINFO [0;39m [36mo.s.b.w.s.FilterRegistrationBean[0;39m Mapping filter: 'characterEncodingFilter' to: [/*]
2018-06-07 00:45:40.882  [34mINFO [0;39m [36mo.s.b.w.s.FilterRegistrationBean[0;39m Mapping filter: 'hiddenHttpMethodFilter' to: [/*]
2018-06-07 00:45:40.882  [34mINFO [0;39m [36mo.s.b.w.s.FilterRegistrationBean[0;39m Mapping filter: 'httpPutFormContentFilter' to: [/*]
2018-06-07 00:45:40.882  [34mINFO [0;39m [36mo.s.b.w.s.FilterRegistrationBean[0;39m Mapping filter: 'requestContextFilter' to: [/*]
2018-06-07 00:45:41.267  [34mINFO [0;39m [36mcom.zaxxer.hikari.HikariDataSource[0;39m HikariPool-1 - Starting...
2018-06-07 00:45:41.884  [34mINFO [0;39m [36mcom.zaxxer.hikari.HikariDataSource[0;39m HikariPool-1 - Start completed.
2018-06-07 00:45:41.975  [34mINFO [0;39m [36mo.s.o.j.LocalContainerEntityManagerFactoryBean[0;39m Building JPA container EntityManagerFactory for persistence unit 'default'
2018-06-07 00:45:42.019  [34mINFO [0;39m [36mo.h.jpa.internal.util.LogHelper[0;39m HHH000204: Processing PersistenceUnitInfo [
	name: default
	...]
2018-06-07 00:45:42.349  [34mINFO [0;39m [36morg.hibernate.Version[0;39m HHH000412: Hibernate Core {5.2.17.Final}
2018-06-07 00:45:42.359  [34mINFO [0;39m [36morg.hibernate.cfg.Environment[0;39m HHH000206: hibernate.properties not found
2018-06-07 00:45:42.461  [34mINFO [0;39m [36mo.h.annotations.common.Version[0;39m HCANN000001: Hibernate Commons Annotations {5.0.1.Final}
2018-06-07 00:45:42.714  [34mINFO [0;39m [36morg.hibernate.dialect.Dialect[0;39m HHH000400: Using dialect: org.hibernate.dialect.MySQL57Dialect
2018-06-07 00:45:43.644  [34mINFO [0;39m [36mo.s.o.j.LocalContainerEntityManagerFactoryBean[0;39m Initialized JPA EntityManagerFactory for persistence unit 'default'
2018-06-07 00:45:44.567  [34mINFO [0;39m [36mo.s.w.s.h.SimpleUrlHandlerMapping[0;39m Mapped URL path [/**/favicon.ico] onto handler of type [class org.springframework.web.servlet.resource.ResourceHttpRequestHandler]
2018-06-07 00:45:45.222  [34mINFO [0;39m [36mo.s.w.s.m.m.a.RequestMappingHandlerAdapter[0;39m Looking for @ControllerAdvice: org.springframework.boot.web.servlet.context.AnnotationConfigServletWebServerApplicationContext@c7a975a: startup date [Thu Jun 07 00:45:37 IST 2018]; root of context hierarchy
2018-06-07 00:45:45.314  [31mWARN [0;39m [36mo.s.b.a.o.j.JpaBaseConfiguration$JpaWebConfiguration$JpaWebMvcConfiguration[0;39m spring.jpa.open-in-view is enabled by default. Therefore, database queries may be performed during view rendering. Explicitly configure spring.jpa.open-in-view to disable this warning
2018-06-07 00:45:45.427  [34mINFO [0;39m [36mo.s.w.s.m.m.a.RequestMappingHandlerMapping[0;39m Mapped "{[/config/service],methods=[GET]}" onto public org.springframework.http.ResponseEntity<?> com.config.controller.ServiceDataController.getServiceFile()
2018-06-07 00:45:45.429  [34mINFO [0;39m [36mo.s.w.s.m.m.a.RequestMappingHandlerMapping[0;39m Mapped "{[/config/service],methods=[POST]}" onto public org.springframework.http.ResponseEntity<?> com.config.controller.ServiceDataController.uploadServiceFile(org.springframework.web.multipart.MultipartFile)
2018-06-07 00:45:45.430  [34mINFO [0;39m [36mo.s.w.s.m.m.a.RequestMappingHandlerMapping[0;39m Mapped "{[/config/service],methods=[PUT]}" onto public org.springframework.http.ResponseEntity<?> com.config.controller.ServiceDataController.updateServiceFile(org.springframework.web.multipart.MultipartFile,long)
2018-06-07 00:45:45.431  [34mINFO [0;39m [36mo.s.w.s.m.m.a.RequestMappingHandlerMapping[0;39m Mapped "{[/config/service],methods=[DELETE]}" onto public org.springframework.http.ResponseEntity<?> com.config.controller.ServiceDataController.deleteServiceFile(long)
2018-06-07 00:45:45.437  [34mINFO [0;39m [36mo.s.w.s.m.m.a.RequestMappingHandlerMapping[0;39m Mapped "{[/error]}" onto public org.springframework.http.ResponseEntity<java.util.Map<java.lang.String, java.lang.Object>> org.springframework.boot.autoconfigure.web.servlet.error.BasicErrorController.error(javax.servlet.http.HttpServletRequest)
2018-06-07 00:45:45.439  [34mINFO [0;39m [36mo.s.w.s.m.m.a.RequestMappingHandlerMapping[0;39m Mapped "{[/error],produces=[text/html]}" onto public org.springframework.web.servlet.ModelAndView org.springframework.boot.autoconfigure.web.servlet.error.BasicErrorController.errorHtml(javax.servlet.http.HttpServletRequest,javax.servlet.http.HttpServletResponse)
2018-06-07 00:45:45.511  [34mINFO [0;39m [36mo.s.w.s.h.SimpleUrlHandlerMapping[0;39m Mapped URL path [/webjars/**] onto handler of type [class org.springframework.web.servlet.resource.ResourceHttpRequestHandler]
2018-06-07 00:45:45.511  [34mINFO [0;39m [36mo.s.w.s.h.SimpleUrlHandlerMapping[0;39m Mapped URL path [/**] onto handler of type [class org.springframework.web.servlet.resource.ResourceHttpRequestHandler]
2018-06-07 00:45:46.257  [34mINFO [0;39m [36mo.s.j.e.a.AnnotationMBeanExporter[0;39m Registering beans for JMX exposure on startup
2018-06-07 00:45:46.260  [34mINFO [0;39m [36mo.s.j.e.a.AnnotationMBeanExporter[0;39m Bean with name 'dataSource' has been autodetected for JMX exposure
2018-06-07 00:45:46.270  [34mINFO [0;39m [36mo.s.j.e.a.AnnotationMBeanExporter[0;39m Located MBean 'dataSource': registering with JMX server as MBean [com.zaxxer.hikari:name=dataSource,type=HikariDataSource]
2018-06-07 00:45:46.379  [34mINFO [0;39m [36mo.s.b.w.e.u.UndertowServletWebServer[0;39m Undertow started on port(s) 8081 (http) with context path ''
2018-06-07 00:45:46.389  [34mINFO [0;39m [36mcom.config.TelecomApplication[0;39m Started TelecomApplication in 9.674 seconds (JVM running for 11.335)
2018-06-07 00:46:00.275  [34mINFO [0;39m [36mio.undertow.servlet[0;39m Initializing Spring FrameworkServlet 'dispatcherServlet'
2018-06-07 00:46:00.275  [34mINFO [0;39m [36mo.s.web.servlet.DispatcherServlet[0;39m FrameworkServlet 'dispatcherServlet': initialization started
2018-06-07 00:46:00.311  [34mINFO [0;39m [36mo.s.web.servlet.DispatcherServlet[0;39m FrameworkServlet 'dispatcherServlet': initialization completed in 36 ms
2018-06-07 00:46:00.464  [34mINFO [0;39m [36mc.c.controller.ServiceDataController[0;39m enter ServiceDataController.updateServiceFileservice.csv,25
2018-06-07 00:46:00.754  [34mINFO [0;39m [36mc.c.controller.ServiceDataController[0;39m exit ServiceDataController.uploadXlsFile{successMessage=File updated successfully, fileId=25}
2018-06-07 00:56:59.294  [34mINFO [0;39m [36mcom.config.TelecomApplication[0;39m Starting TelecomApplication on skyfall-PC with PID 9584 (D:\projectworkspace\telecom\target\classes started by skyfall in D:\projectworkspace\telecom)
2018-06-07 00:56:59.338  [34mINFO [0;39m [36mcom.config.TelecomApplication[0;39m No active profile set, falling back to default profiles: default
2018-06-07 00:56:59.518  [34mINFO [0;39m [36mo.s.b.w.s.c.AnnotationConfigServletWebServerApplicationContext[0;39m Refreshing org.springframework.boot.web.servlet.context.AnnotationConfigServletWebServerApplicationContext@7e242b4d: startup date [Thu Jun 07 00:56:59 IST 2018]; root of context hierarchy
2018-06-07 00:57:01.703  [34mINFO [0;39m [36mo.s.c.s.PostProcessorRegistrationDelegate$BeanPostProcessorChecker[0;39m Bean 'org.springframework.transaction.annotation.ProxyTransactionManagementConfiguration' of type [org.springframework.transaction.annotation.ProxyTransactionManagementConfiguration$$EnhancerBySpringCGLIB$$5dc7247c] is not eligible for getting processed by all BeanPostProcessors (for example: not eligible for auto-proxying)
2018-06-07 00:57:02.278  [34mINFO [0;39m [36morg.xnio[0;39m XNIO version 3.3.8.Final
2018-06-07 00:57:02.308  [34mINFO [0;39m [36morg.xnio.nio[0;39m XNIO NIO Implementation Version 3.3.8.Final
2018-06-07 00:57:02.368  [31mWARN [0;39m [36mio.undertow.websockets.jsr[0;39m UT026009: XNIO worker was not set on WebSocketDeploymentInfo, the default worker will be used
2018-06-07 00:57:02.368  [31mWARN [0;39m [36mio.undertow.websockets.jsr[0;39m UT026010: Buffer pool was not set on WebSocketDeploymentInfo, the default pool will be used
2018-06-07 00:57:02.408  [34mINFO [0;39m [36mio.undertow.servlet[0;39m Initializing Spring embedded WebApplicationContext
2018-06-07 00:57:02.408  [34mINFO [0;39m [36mo.s.web.context.ContextLoader[0;39m Root WebApplicationContext: initialization completed in 2890 ms
2018-06-07 00:57:02.688  [34mINFO [0;39m [36mo.s.b.w.s.ServletRegistrationBean[0;39m Servlet dispatcherServlet mapped to [/]
2018-06-07 00:57:02.698  [34mINFO [0;39m [36mo.s.b.w.s.FilterRegistrationBean[0;39m Mapping filter: 'characterEncodingFilter' to: [/*]
2018-06-07 00:57:02.698  [34mINFO [0;39m [36mo.s.b.w.s.FilterRegistrationBean[0;39m Mapping filter: 'hiddenHttpMethodFilter' to: [/*]
2018-06-07 00:57:02.698  [34mINFO [0;39m [36mo.s.b.w.s.FilterRegistrationBean[0;39m Mapping filter: 'httpPutFormContentFilter' to: [/*]
2018-06-07 00:57:02.698  [34mINFO [0;39m [36mo.s.b.w.s.FilterRegistrationBean[0;39m Mapping filter: 'requestContextFilter' to: [/*]
2018-06-07 00:57:03.072  [34mINFO [0;39m [36mcom.zaxxer.hikari.HikariDataSource[0;39m HikariPool-1 - Starting...
2018-06-07 00:57:03.698  [34mINFO [0;39m [36mcom.zaxxer.hikari.HikariDataSource[0;39m HikariPool-1 - Start completed.
2018-06-07 00:57:03.808  [34mINFO [0;39m [36mo.s.o.j.LocalContainerEntityManagerFactoryBean[0;39m Building JPA container EntityManagerFactory for persistence unit 'default'
2018-06-07 00:57:03.848  [34mINFO [0;39m [36mo.h.jpa.internal.util.LogHelper[0;39m HHH000204: Processing PersistenceUnitInfo [
	name: default
	...]
2018-06-07 00:57:04.040  [34mINFO [0;39m [36morg.hibernate.Version[0;39m HHH000412: Hibernate Core {5.2.17.Final}
2018-06-07 00:57:04.040  [34mINFO [0;39m [36morg.hibernate.cfg.Environment[0;39m HHH000206: hibernate.properties not found
2018-06-07 00:57:04.120  [34mINFO [0;39m [36mo.h.annotations.common.Version[0;39m HCANN000001: Hibernate Commons Annotations {5.0.1.Final}
2018-06-07 00:57:04.341  [34mINFO [0;39m [36morg.hibernate.dialect.Dialect[0;39m HHH000400: Using dialect: org.hibernate.dialect.MySQL57Dialect
2018-06-07 00:57:05.271  [34mINFO [0;39m [36mo.s.o.j.LocalContainerEntityManagerFactoryBean[0;39m Initialized JPA EntityManagerFactory for persistence unit 'default'
2018-06-07 00:57:06.188  [34mINFO [0;39m [36mo.s.w.s.h.SimpleUrlHandlerMapping[0;39m Mapped URL path [/**/favicon.ico] onto handler of type [class org.springframework.web.servlet.resource.ResourceHttpRequestHandler]
2018-06-07 00:57:06.850  [34mINFO [0;39m [36mo.s.w.s.m.m.a.RequestMappingHandlerAdapter[0;39m Looking for @ControllerAdvice: org.springframework.boot.web.servlet.context.AnnotationConfigServletWebServerApplicationContext@7e242b4d: startup date [Thu Jun 07 00:56:59 IST 2018]; root of context hierarchy
2018-06-07 00:57:06.961  [31mWARN [0;39m [36mo.s.b.a.o.j.JpaBaseConfiguration$JpaWebConfiguration$JpaWebMvcConfiguration[0;39m spring.jpa.open-in-view is enabled by default. Therefore, database queries may be performed during view rendering. Explicitly configure spring.jpa.open-in-view to disable this warning
2018-06-07 00:57:07.075  [34mINFO [0;39m [36mo.s.w.s.m.m.a.RequestMappingHandlerMapping[0;39m Mapped "{[/config/service],methods=[POST]}" onto public org.springframework.http.ResponseEntity<?> com.config.controller.ServiceDataController.uploadServiceFile(org.springframework.web.multipart.MultipartFile)
2018-06-07 00:57:07.075  [34mINFO [0;39m [36mo.s.w.s.m.m.a.RequestMappingHandlerMapping[0;39m Mapped "{[/config/service],methods=[PUT]}" onto public org.springframework.http.ResponseEntity<?> com.config.controller.ServiceDataController.updateServiceFile(org.springframework.web.multipart.MultipartFile,long)
2018-06-07 00:57:07.075  [34mINFO [0;39m [36mo.s.w.s.m.m.a.RequestMappingHandlerMapping[0;39m Mapped "{[/config/service],methods=[DELETE]}" onto public org.springframework.http.ResponseEntity<?> com.config.controller.ServiceDataController.deleteServiceFile(long)
2018-06-07 00:57:07.075  [34mINFO [0;39m [36mo.s.w.s.m.m.a.RequestMappingHandlerMapping[0;39m Mapped "{[/config/service],methods=[GET]}" onto public org.springframework.http.ResponseEntity<?> com.config.controller.ServiceDataController.getServiceFile()
2018-06-07 00:57:07.085  [34mINFO [0;39m [36mo.s.w.s.m.m.a.RequestMappingHandlerMapping[0;39m Mapped "{[/error]}" onto public org.springframework.http.ResponseEntity<java.util.Map<java.lang.String, java.lang.Object>> org.springframework.boot.autoconfigure.web.servlet.error.BasicErrorController.error(javax.servlet.http.HttpServletRequest)
2018-06-07 00:57:07.085  [34mINFO [0;39m [36mo.s.w.s.m.m.a.RequestMappingHandlerMapping[0;39m Mapped "{[/error],produces=[text/html]}" onto public org.springframework.web.servlet.ModelAndView org.springframework.boot.autoconfigure.web.servlet.error.BasicErrorController.errorHtml(javax.servlet.http.HttpServletRequest,javax.servlet.http.HttpServletResponse)
2018-06-07 00:57:07.159  [34mINFO [0;39m [36mo.s.w.s.h.SimpleUrlHandlerMapping[0;39m Mapped URL path [/webjars/**] onto handler of type [class org.springframework.web.servlet.resource.ResourceHttpRequestHandler]
2018-06-07 00:57:07.159  [34mINFO [0;39m [36mo.s.w.s.h.SimpleUrlHandlerMapping[0;39m Mapped URL path [/**] onto handler of type [class org.springframework.web.servlet.resource.ResourceHttpRequestHandler]
2018-06-07 00:57:07.789  [34mINFO [0;39m [36mo.s.j.e.a.AnnotationMBeanExporter[0;39m Registering beans for JMX exposure on startup
2018-06-07 00:57:07.801  [34mINFO [0;39m [36mo.s.j.e.a.AnnotationMBeanExporter[0;39m Bean with name 'dataSource' has been autodetected for JMX exposure
2018-06-07 00:57:07.809  [34mINFO [0;39m [36mo.s.j.e.a.AnnotationMBeanExporter[0;39m Located MBean 'dataSource': registering with JMX server as MBean [com.zaxxer.hikari:name=dataSource,type=HikariDataSource]
2018-06-07 00:57:07.914  [34mINFO [0;39m [36mo.s.b.w.e.u.UndertowServletWebServer[0;39m Undertow started on port(s) 8081 (http) with context path ''
2018-06-07 00:57:07.924  [34mINFO [0;39m [36mcom.config.TelecomApplication[0;39m Started TelecomApplication in 9.266 seconds (JVM running for 10.947)
2018-06-07 00:57:19.409  [34mINFO [0;39m [36mio.undertow.servlet[0;39m Initializing Spring FrameworkServlet 'dispatcherServlet'
2018-06-07 00:57:19.412  [34mINFO [0;39m [36mo.s.web.servlet.DispatcherServlet[0;39m FrameworkServlet 'dispatcherServlet': initialization started
2018-06-07 00:57:19.443  [34mINFO [0;39m [36mo.s.web.servlet.DispatcherServlet[0;39m FrameworkServlet 'dispatcherServlet': initialization completed in 31 ms
2018-06-07 00:57:19.597  [34mINFO [0;39m [36mc.c.controller.ServiceDataController[0;39m enter ServiceDataController.updateServiceFileservice.csv,24
2018-06-07 00:57:19.822  [34mINFO [0;39m [36mc.c.controller.ServiceDataController[0;39m exit ServiceDataController.uploadXlsFile{successMessage=File updated successfully, fileId=24}
2018-06-07 00:57:47.499  [34mINFO [0;39m [36mc.c.controller.ServiceDataController[0;39m enter ServiceDataController.uploadXlsFileorg.springframework.web.multipart.support.StandardMultipartHttpServletRequest$StandardMultipartFile@f4e6b95
2018-06-07 00:57:47.690  [34mINFO [0;39m [36mc.c.controller.ServiceDataController[0;39m exit FileUploadController.uploadXlsFile{successMessage=File uploaded successfully, fileId=30}
2018-06-07 00:59:02.361  [34mINFO [0;39m [36mo.s.b.a.SpringApplicationAdminMXBeanRegistrar$SpringApplicationAdmin[0;39m Application shutdown requested.
2018-06-07 00:59:02.361  [34mINFO [0;39m [36mo.s.b.w.s.c.AnnotationConfigServletWebServerApplicationContext[0;39m Closing org.springframework.boot.web.servlet.context.AnnotationConfigServletWebServerApplicationContext@7e242b4d: startup date [Thu Jun 07 00:56:59 IST 2018]; root of context hierarchy
2018-06-07 00:59:02.371  [34mINFO [0;39m [36mo.s.j.e.a.AnnotationMBeanExporter[0;39m Unregistering JMX-exposed beans on shutdown
2018-06-07 00:59:02.371  [34mINFO [0;39m [36mo.s.j.e.a.AnnotationMBeanExporter[0;39m Unregistering JMX-exposed beans
2018-06-07 00:59:02.371  [34mINFO [0;39m [36mo.s.o.j.LocalContainerEntityManagerFactoryBean[0;39m Closing JPA EntityManagerFactory for persistence unit 'default'
2018-06-07 00:59:02.371  [34mINFO [0;39m [36mcom.zaxxer.hikari.HikariDataSource[0;39m HikariPool-1 - Shutdown initiated...
2018-06-07 00:59:02.442  [34mINFO [0;39m [36mcom.zaxxer.hikari.HikariDataSource[0;39m HikariPool-1 - Shutdown completed.
2018-06-07 00:59:02.442  [34mINFO [0;39m [36mio.undertow.servlet[0;39m Destroying Spring FrameworkServlet 'dispatcherServlet'
2018-06-07 00:59:08.796  [34mINFO [0;39m [36mcom.config.TelecomApplication[0;39m Starting TelecomApplication on skyfall-PC with PID 8096 (D:\projectworkspace\telecom\target\classes started by skyfall in D:\projectworkspace\telecom)
2018-06-07 00:59:08.846  [34mINFO [0;39m [36mcom.config.TelecomApplication[0;39m No active profile set, falling back to default profiles: default
2018-06-07 00:59:09.040  [34mINFO [0;39m [36mo.s.b.w.s.c.AnnotationConfigServletWebServerApplicationContext[0;39m Refreshing org.springframework.boot.web.servlet.context.AnnotationConfigServletWebServerApplicationContext@6256ac4f: startup date [Thu Jun 07 00:59:09 IST 2018]; root of context hierarchy
2018-06-07 00:59:11.117  [34mINFO [0;39m [36mo.s.c.s.PostProcessorRegistrationDelegate$BeanPostProcessorChecker[0;39m Bean 'org.springframework.transaction.annotation.ProxyTransactionManagementConfiguration' of type [org.springframework.transaction.annotation.ProxyTransactionManagementConfiguration$$EnhancerBySpringCGLIB$$61e5a595] is not eligible for getting processed by all BeanPostProcessors (for example: not eligible for auto-proxying)
2018-06-07 00:59:11.709  [34mINFO [0;39m [36morg.xnio[0;39m XNIO version 3.3.8.Final
2018-06-07 00:59:11.749  [34mINFO [0;39m [36morg.xnio.nio[0;39m XNIO NIO Implementation Version 3.3.8.Final
2018-06-07 00:59:11.819  [31mWARN [0;39m [36mio.undertow.websockets.jsr[0;39m UT026009: XNIO worker was not set on WebSocketDeploymentInfo, the default worker will be used
2018-06-07 00:59:11.819  [31mWARN [0;39m [36mio.undertow.websockets.jsr[0;39m UT026010: Buffer pool was not set on WebSocketDeploymentInfo, the default pool will be used
2018-06-07 00:59:11.849  [34mINFO [0;39m [36mio.undertow.servlet[0;39m Initializing Spring embedded WebApplicationContext
2018-06-07 00:59:11.859  [34mINFO [0;39m [36mo.s.web.context.ContextLoader[0;39m Root WebApplicationContext: initialization completed in 2819 ms
2018-06-07 00:59:12.141  [34mINFO [0;39m [36mo.s.b.w.s.ServletRegistrationBean[0;39m Servlet dispatcherServlet mapped to [/]
2018-06-07 00:59:12.151  [34mINFO [0;39m [36mo.s.b.w.s.FilterRegistrationBean[0;39m Mapping filter: 'characterEncodingFilter' to: [/*]
2018-06-07 00:59:12.151  [34mINFO [0;39m [36mo.s.b.w.s.FilterRegistrationBean[0;39m Mapping filter: 'hiddenHttpMethodFilter' to: [/*]
2018-06-07 00:59:12.151  [34mINFO [0;39m [36mo.s.b.w.s.FilterRegistrationBean[0;39m Mapping filter: 'httpPutFormContentFilter' to: [/*]
2018-06-07 00:59:12.151  [34mINFO [0;39m [36mo.s.b.w.s.FilterRegistrationBean[0;39m Mapping filter: 'requestContextFilter' to: [/*]
2018-06-07 00:59:12.534  [34mINFO [0;39m [36mcom.zaxxer.hikari.HikariDataSource[0;39m HikariPool-1 - Starting...
2018-06-07 00:59:13.101  [34mINFO [0;39m [36mcom.zaxxer.hikari.HikariDataSource[0;39m HikariPool-1 - Start completed.
2018-06-07 00:59:13.181  [34mINFO [0;39m [36mo.s.o.j.LocalContainerEntityManagerFactoryBean[0;39m Building JPA container EntityManagerFactory for persistence unit 'default'
2018-06-07 00:59:13.246  [34mINFO [0;39m [36mo.h.jpa.internal.util.LogHelper[0;39m HHH000204: Processing PersistenceUnitInfo [
	name: default
	...]
2018-06-07 00:59:13.444  [34mINFO [0;39m [36morg.hibernate.Version[0;39m HHH000412: Hibernate Core {5.2.17.Final}
2018-06-07 00:59:13.444  [34mINFO [0;39m [36morg.hibernate.cfg.Environment[0;39m HHH000206: hibernate.properties not found
2018-06-07 00:59:13.514  [34mINFO [0;39m [36mo.h.annotations.common.Version[0;39m HCANN000001: Hibernate Commons Annotations {5.0.1.Final}
2018-06-07 00:59:13.764  [34mINFO [0;39m [36morg.hibernate.dialect.Dialect[0;39m HHH000400: Using dialect: org.hibernate.dialect.MySQL57Dialect
2018-06-07 00:59:15.137  [34mINFO [0;39m [36mo.s.o.j.LocalContainerEntityManagerFactoryBean[0;39m Initialized JPA EntityManagerFactory for persistence unit 'default'
2018-06-07 00:59:16.025  [34mINFO [0;39m [36mo.s.w.s.h.SimpleUrlHandlerMapping[0;39m Mapped URL path [/**/favicon.ico] onto handler of type [class org.springframework.web.servlet.resource.ResourceHttpRequestHandler]
2018-06-07 00:59:16.684  [34mINFO [0;39m [36mo.s.w.s.m.m.a.RequestMappingHandlerAdapter[0;39m Looking for @ControllerAdvice: org.springframework.boot.web.servlet.context.AnnotationConfigServletWebServerApplicationContext@6256ac4f: startup date [Thu Jun 07 00:59:09 IST 2018]; root of context hierarchy
2018-06-07 00:59:16.808  [31mWARN [0;39m [36mo.s.b.a.o.j.JpaBaseConfiguration$JpaWebConfiguration$JpaWebMvcConfiguration[0;39m spring.jpa.open-in-view is enabled by default. Therefore, database queries may be performed during view rendering. Explicitly configure spring.jpa.open-in-view to disable this warning
2018-06-07 00:59:16.955  [34mINFO [0;39m [36mo.s.w.s.m.m.a.RequestMappingHandlerMapping[0;39m Mapped "{[/config/service],methods=[POST]}" onto public org.springframework.http.ResponseEntity<?> com.config.controller.ServiceDataController.uploadServiceFile(org.springframework.web.multipart.MultipartFile)
2018-06-07 00:59:16.957  [34mINFO [0;39m [36mo.s.w.s.m.m.a.RequestMappingHandlerMapping[0;39m Mapped "{[/config/service],methods=[PUT]}" onto public org.springframework.http.ResponseEntity<?> com.config.controller.ServiceDataController.updateServiceFile(org.springframework.web.multipart.MultipartFile,long)
2018-06-07 00:59:16.958  [34mINFO [0;39m [36mo.s.w.s.m.m.a.RequestMappingHandlerMapping[0;39m Mapped "{[/config/service],methods=[DELETE]}" onto public org.springframework.http.ResponseEntity<?> com.config.controller.ServiceDataController.deleteServiceFile(long)
2018-06-07 00:59:16.959  [34mINFO [0;39m [36mo.s.w.s.m.m.a.RequestMappingHandlerMapping[0;39m Mapped "{[/config/service],methods=[GET]}" onto public org.springframework.http.ResponseEntity<?> com.config.controller.ServiceDataController.getServiceFile()
2018-06-07 00:59:16.965  [34mINFO [0;39m [36mo.s.w.s.m.m.a.RequestMappingHandlerMapping[0;39m Mapped "{[/error]}" onto public org.springframework.http.ResponseEntity<java.util.Map<java.lang.String, java.lang.Object>> org.springframework.boot.autoconfigure.web.servlet.error.BasicErrorController.error(javax.servlet.http.HttpServletRequest)
2018-06-07 00:59:16.967  [34mINFO [0;39m [36mo.s.w.s.m.m.a.RequestMappingHandlerMapping[0;39m Mapped "{[/error],produces=[text/html]}" onto public org.springframework.web.servlet.ModelAndView org.springframework.boot.autoconfigure.web.servlet.error.BasicErrorController.errorHtml(javax.servlet.http.HttpServletRequest,javax.servlet.http.HttpServletResponse)
2018-06-07 00:59:17.036  [34mINFO [0;39m [36mo.s.w.s.h.SimpleUrlHandlerMapping[0;39m Mapped URL path [/webjars/**] onto handler of type [class org.springframework.web.servlet.resource.ResourceHttpRequestHandler]
2018-06-07 00:59:17.036  [34mINFO [0;39m [36mo.s.w.s.h.SimpleUrlHandlerMapping[0;39m Mapped URL path [/**] onto handler of type [class org.springframework.web.servlet.resource.ResourceHttpRequestHandler]
2018-06-07 00:59:17.740  [34mINFO [0;39m [36mo.s.j.e.a.AnnotationMBeanExporter[0;39m Registering beans for JMX exposure on startup
2018-06-07 00:59:17.750  [34mINFO [0;39m [36mo.s.j.e.a.AnnotationMBeanExporter[0;39m Bean with name 'dataSource' has been autodetected for JMX exposure
2018-06-07 00:59:17.750  [34mINFO [0;39m [36mo.s.j.e.a.AnnotationMBeanExporter[0;39m Located MBean 'dataSource': registering with JMX server as MBean [com.zaxxer.hikari:name=dataSource,type=HikariDataSource]
2018-06-07 00:59:17.867  [34mINFO [0;39m [36mo.s.b.w.e.u.UndertowServletWebServer[0;39m Undertow started on port(s) 8081 (http) with context path ''
2018-06-07 00:59:17.873  [34mINFO [0;39m [36mcom.config.TelecomApplication[0;39m Started TelecomApplication in 9.67 seconds (JVM running for 11.318)
